Geometry optimization result: 
    Energy: -311.9445321237846 Hartree
    Optimized Geometry (Angstrom): 21

O             3.7310804657899           0.3161303695922          -0.0205849702490
C             0.0194500309580          -0.4670684126825           0.0003156119627
C            -1.2573056964588           0.3634581269610          -0.0006643112537
C             1.2824739415588           0.3818048874256           0.0130285624055
C            -2.5198108589671          -0.4889625790884          -0.0096042699348
C             2.5440517807645          -0.4637222886608           0.0179904833514
C            -3.7929841760929           0.3508454642683          -0.0102342522568
H             0.0280567845854          -1.1181090147079          -0.8800503808906
H             0.0190539617352          -1.1308131534729           0.8719505710373
H            -1.2666234840243           1.0171035621201           0.8784688505195
H            -1.2588183529875           1.0242182982715          -0.8740651538940
H             1.2796240031995           1.0279250480112           0.8982055175964
H             1.3015361539238           1.0390105653225          -0.8603228365674
H            -2.5052132419968          -1.1397190531987          -0.8887883228720
H            -2.5121300304038          -1.1493022062839           0.8626726209473
H             2.5467844900347          -1.1301973733622           0.8888296080977
H             2.5758349890082          -1.0891580949075          -0.8742409258082
H            -4.6858705438183          -0.2753894418101          -0.0148864941718
H            -3.8354499737691           0.9909655645655           0.8730320923996
H            -3.8302645061380           0.9967454592043          -0.8894246554074
H             3.7636235294434           0.8473341394677           0.7771726597341

    Optimized geometry is saved in <Path>/home/dral/hexanol_IR_spectrum_AIQM2/hexanol_AIQM2_optimization/optmol.json</Path>